# JRE version: OpenJDK Runtime Environment (11.0.2+9) (build 11.0.2+9)
# Java VM: OpenJDK 64-Bit Server VM (11.0.2+9, mixed mode, tiered, compressed oops, g1 gc, windows-amd64)
Heap:
 garbage-first heap   total 365568K, used 168254K [0x0000000740000000, 0x0000000800000000)
  region size 1024K, 55 young (56320K), 1 survivors (1024K)
 Metaspace       used 112715K, capacity 114260K, committed 119464K, reserved 1150976K
  class space    used 14858K, capacity 15456K, committed 17276K, reserved 1048576K
GC Heap History (10 events):
Event: 9007.464 GC heap before
{Heap before GC invocations=2636 (full 1938):
 garbage-first heap   total 365568K, used 141642K [0x0000000740000000, 0x0000000800000000)
  region size 1024K, 29 young (29696K), 1 survivors (1024K)
 Metaspace       used 112710K, capacity 114196K, committed 119464K, reserved 1150976K
  class space    used 14858K, capacity 15456K, committed 17276K, reserved 1048576K
}
Event: 9007.544 GC heap after
{Heap after GC invocations=2637 (full 1939):
 garbage-first heap   total 365568K, used 113307K [0x0000000740000000, 0x0000000800000000)
  region size 1024K, 0 young (0K), 0 survivors (0K)
 Metaspace       used 112710K, capacity 114196K, committed 119464K, reserved 1150976K
  class space    used 14858K, capacity 15456K, committed 17276K, reserved 1048576K
}
Event: 9011.156 GC heap before
{Heap before GC invocations=2637 (full 1939):
 garbage-first heap   total 365568K, used 123547K [0x0000000740000000, 0x0000000800000000)
  region size 1024K, 11 young (11264K), 0 survivors (0K)
 Metaspace       used 112710K, capacity 114196K, committed 119464K, reserved 1150976K
  class space    used 14858K, capacity 15456K, committed 17276K, reserved 1048576K
}
Event: 9011.253 GC heap after
{Heap after GC invocations=2638 (full 1940):
 garbage-first heap   total 365568K, used 113201K [0x0000000740000000, 0x0000000800000000)
  region size 1024K, 0 young (0K), 0 survivors (0K)
 Metaspace       used 112710K, capacity 114196K, committed 119464K, reserved 1150976K
  class space    used 14858K, capacity 15456K, committed 17276K, reserved 1048576K
}
Event: 9023.074 GC heap before
{Heap before GC invocations=2638 (full 1940):
 garbage-first heap   total 365568K, used 124465K [0x0000000740000000, 0x0000000800000000)
  region size 1024K, 12 young (12288K), 0 survivors (0K)
 Metaspace       used 112710K, capacity 114196K, committed 119464K, reserved 1150976K
  class space    used 14858K, capacity 15456K, committed 17276K, reserved 1048576K
}
Event: 9023.154 GC heap after
{Heap after GC invocations=2639 (full 1941):
 garbage-first heap   total 365568K, used 113143K [0x0000000740000000, 0x0000000800000000)
  region size 1024K, 0 young (0K), 0 survivors (0K)
 Metaspace       used 112710K, capacity 114196K, committed 119464K, reserved 1150976K
  class space    used 14858K, capacity 15456K, committed 17276K, reserved 1048576K
}
Event: 9033.644 GC heap before
{Heap before GC invocations=2639 (full 1941):
 garbage-first heap   total 365568K, used 174583K [0x0000000740000000, 0x0000000800000000)
  region size 1024K, 60 young (61440K), 0 survivors (0K)
 Metaspace       used 112710K, capacity 114196K, committed 119464K, reserved 1150976K
  class space    used 14858K, capacity 15456K, committed 17276K, reserved 1048576K
}
Event: 9033.646 GC heap after
{Heap after GC invocations=2640 (full 1941):
 garbage-first heap   total 365568K, used 113678K [0x0000000740000000, 0x0000000800000000)
  region size 1024K, 1 young (1024K), 1 survivors (1024K)
 Metaspace       used 112710K, capacity 114196K, committed 119464K, reserved 1150976K
  class space    used 14858K, capacity 15456K, committed 17276K, reserved 1048576K
}
Event: 9037.328 GC heap before
{Heap before GC invocations=2640 (full 1941):
 garbage-first heap   total 365568K, used 174094K [0x0000000740000000, 0x0000000800000000)
  region size 1024K, 60 young (61440K), 1 survivors (1024K)
 Metaspace       used 112711K, capacity 114196K, committed 119464K, reserved 1150976K
  class space    used 14858K, capacity 15456K, committed 17276K, reserved 1048576K
}
Event: 9037.330 GC heap after
{Heap after GC invocations=2641 (full 1941):
 garbage-first heap   total 365568K, used 113982K [0x0000000740000000, 0x0000000800000000)
  region size 1024K, 1 young (1024K), 1 survivors (1024K)
 Metaspace       used 112711K, capacity 114196K, committed 119464K, reserved 1150976K
  class space    used 14858K, capacity 15456K, committed 17276K, reserved 1048576K
}

